<?xml version="1.0" encoding="UTF-8"?>
<!-- Generated by org.testng.reporters.JUnitReportReporter -->
<testsuite hostname="metalok" failures="0" tests="1" name="com.SportsVerse.TCs.TC_009_RoadMapPageTest" time="119.435" errors="0" timestamp="2023-05-09T11:51:41 IST" skipped="0">
  <testcase classname="com.SportsVerse.TCs.TC_009_RoadMapPageTest" name="roadMapTest" time="119.435"/>
  <system-out/>
</testsuite> <!-- com.SportsVerse.TCs.TC_009_RoadMapPageTest -->
