<?xml version="1.0" encoding="UTF-8"?>
<!-- Generated by org.testng.reporters.JUnitReportReporter -->
<testsuite hostname="metalok" failures="0" tests="1" name="com.SportsVerse.TCs.TC_008_RoadMapPageTest" time="119.841" errors="0" timestamp="2023-05-09T12:47:12 IST" skipped="0">
  <testcase classname="com.SportsVerse.TCs.TC_008_RoadMapPageTest" name="roadMapTest" time="119.841"/>
  <system-out/>
</testsuite> <!-- com.SportsVerse.TCs.TC_008_RoadMapPageTest -->
