<?xml version="1.0" encoding="UTF-8"?>
<!-- Generated by org.testng.reporters.JUnitReportReporter -->
<testsuite hostname="metalok" failures="0" tests="1" name="com.SportsVerse.TCs.TC_007_SupportPageTest" time="185.435" errors="0" timestamp="2023-05-09T11:38:16 IST" skipped="0">
  <testcase classname="com.SportsVerse.TCs.TC_007_SupportPageTest" name="supportTest" time="185.435"/>
  <system-out/>
</testsuite> <!-- com.SportsVerse.TCs.TC_007_SupportPageTest -->
