<?xml version="1.0" encoding="UTF-8"?>
<!-- Generated by org.testng.reporters.JUnitReportReporter -->
<testsuite hostname="metalok" failures="0" tests="1" name="com.SportsVerse.TCs.A" time="10.500" errors="0" timestamp="2023-06-06T13:36:14 IST" skipped="0">
  <testcase classname="com.SportsVerse.TCs.A" name="learn2Test" time="10.500"/>
  <system-out/>
</testsuite> <!-- com.SportsVerse.TCs.A -->
