<?xml version="1.0" encoding="UTF-8"?>
<!-- Generated by org.testng.reporters.JUnitReportReporter -->
<testsuite hostname="metalok" failures="0" tests="1" name="com.SportsVerse.TCs.TC_007_CareerPageTest" time="174.096" errors="0" timestamp="2023-05-09T12:47:12 IST" skipped="0">
  <testcase classname="com.SportsVerse.TCs.TC_007_CareerPageTest" name="careertest" time="174.096"/>
  <system-out/>
</testsuite> <!-- com.SportsVerse.TCs.TC_007_CareerPageTest -->
