<?xml version="1.0" encoding="UTF-8"?>
<!-- Generated by org.testng.reporters.JUnitReportReporter -->
<testsuite hostname="metalok" failures="0" tests="1" name="com.SportsVerse.TCs.TC_003_SportsVerse101Test" time="246.592" errors="0" timestamp="2023-05-09T12:47:12 IST" skipped="0">
  <testcase classname="com.SportsVerse.TCs.TC_003_SportsVerse101Test" name="sportverse101test" time="246.592"/>
  <system-out/>
</testsuite> <!-- com.SportsVerse.TCs.TC_003_SportsVerse101Test -->
