<?xml version="1.0" encoding="UTF-8"?>
<!-- Generated by org.testng.reporters.JUnitReportReporter -->
<testsuite hostname="metalok" failures="0" tests="1" name="com.SportsVerse.TCs.TC_004_FanTokensTest" time="194.428" errors="0" timestamp="2023-05-09T12:47:12 IST" skipped="0">
  <testcase classname="com.SportsVerse.TCs.TC_004_FanTokensTest" name="fantokenstest" time="194.428"/>
  <system-out/>
</testsuite> <!-- com.SportsVerse.TCs.TC_004_FanTokensTest -->
